<?xml version="1.0" encoding="UTF-8"?>
<testng-results skipped="0" failed="0" ignored="0" total="0" passed="0">
  <reporter-output>
  </reporter-output>
  <suite name="com.nopcommerce.demo.AppTest" duration-ms="18" started-at="2023-07-08T15:00:54 BST" finished-at="2023-07-08T15:00:54 BST">
    <groups>
    </groups>
    <test name="Command line test" duration-ms="18" started-at="2023-07-08T15:00:54 BST" finished-at="2023-07-08T15:00:54 BST">
    </test> <!-- Command line test -->
  </suite> <!-- com.nopcommerce.demo.AppTest -->
</testng-results>
